TN:
SF:src/App.js
FN:7,App
FN:10,(anonymous_1)
FN:11,(anonymous_2)
FNF:3
FNH:3
FNDA:1,App
FNDA:1,(anonymous_1)
FNDA:1,(anonymous_2)
DA:8,1
DA:10,1
DA:11,1
DA:12,1
DA:13,1
DA:14,0
DA:16,0
DA:20,1
DA:23,1
LF:9
LH:7
BRF:0
BRH:0
end_of_record
TN:
SF:src/api.js
FN:5,(anonymous_0)
FN:15,(anonymous_1)
FNF:2
FNH:1
FNDA:3,(anonymous_0)
FNDA:0,(anonymous_1)
DA:4,2
DA:5,2
DA:6,3
DA:7,3
DA:8,1
DA:10,1
DA:11,1
DA:15,2
DA:16,0
DA:17,0
DA:18,0
DA:20,0
DA:21,0
LF:13
LH:8
BRF:0
BRH:0
end_of_record
TN:
SF:src/index.js
FNF:0
FNH:0
DA:7,0
DA:8,0
DA:17,0
LF:3
LH:0
BRF:0
BRH:0
end_of_record
TN:
SF:src/jest.setup.js
FNF:0
FNH:0
DA:4,0
LF:1
LH:0
BRF:0
BRH:0
end_of_record
TN:
SF:src/reportWebVitals.js
FN:1,(anonymous_0)
FN:3,(anonymous_1)
FNF:2
FNH:0
FNDA:0,(anonymous_0)
FNDA:0,(anonymous_1)
DA:1,0
DA:2,0
DA:3,0
DA:4,0
DA:5,0
DA:6,0
DA:7,0
DA:8,0
LF:8
LH:0
BRDA:2,0,0,0
BRDA:2,0,1,0
BRDA:2,1,0,0
BRDA:2,1,1,0
BRF:4
BRH:0
end_of_record
TN:
SF:src/pages/registerForm/Register.js
FN:4,(anonymous_0)
FN:15,(anonymous_1)
FN:22,(anonymous_2)
FNF:3
FNH:3
FNDA:25,(anonymous_0)
FNDA:18,(anonymous_1)
FNDA:2,(anonymous_2)
DA:4,2
DA:5,25
DA:13,25
DA:15,25
DA:16,18
DA:22,25
DA:23,2
DA:24,2
DA:25,2
DA:33,1
DA:34,1
DA:36,0
DA:39,1
DA:40,1
DA:43,2
DA:53,25
LF:16
LH:15
BRDA:33,0,0,1
BRDA:33,0,1,0
BRDA:102,1,0,25
BRDA:102,1,1,2
BRF:4
BRH:3
end_of_record
